============================================================
  Generated by:           Genus(TM) Synthesis Solution 18.10-p003_1
  Generated on:           Apr 02 2024  07:27:03 pm
  Module:                 floating_point_adder_tree
  Technology library:     gscl45nm 
  Operating conditions:   typical (balanced_tree)
  Wireload mode:          enclosed
  Area mode:              timing library
============================================================

                                       Leakage    Dynamic      Total    
           Instance            Cells  Power(nW)  Power(nW)   Power(nW)  
------------------------------------------------------------------------
floating_point_adder_tree      10484 125324.125 6130416.161 6255740.286 
  adder_01                       656   7867.236  198133.349  206000.585 
    phase2_sub..se2_add_30_29     24    655.660   28974.673   29630.333 
  adder_02                       656   7867.236  187177.728  195044.964 
    phase2_sub..se2_add_30_29     24    655.660   27801.099   28456.759 
  adder_03                       656   7867.236  182060.562  189927.798 
    phase2_sub..se2_add_30_29     24    655.660   27136.583   27792.242 
  adder_04                       656   7867.236  198371.103  206238.339 
    phase2_sub..se2_add_30_29     24    655.660   28917.346   29573.006 
  adder_05                       656   7867.236  180324.929  188192.165 
    phase2_sub..se2_add_30_29     24    655.660   26093.293   26748.952 
  adder_06                       656   7867.236  210944.423  218811.659 
    phase2_sub..se2_add_30_29     24    655.660   31945.766   32601.425 
  adder_07                       656   7867.236  209292.391  217159.627 
    phase2_sub..se2_add_30_29     24    655.660   30868.013   31523.672 
  adder_08                       656   7867.236  204743.589  212610.825 
    phase2_sub..se2_add_30_29     24    655.660   29961.471   30617.131 
  adder_09                       655   7805.599  362258.315  370063.915 
    phase2_sub..se2_add_30_29     24    655.660   50500.287   51155.947 
  adder_10                       655   7805.599  391094.480  398900.080 
    phase2_sub..se2_add_30_29     24    655.660   54956.996   55612.656 
  adder_11                       655   7805.599  376010.437  383816.036 
    phase2_sub..se2_add_30_29     24    655.660   50060.571   50716.231 
  adder_12                       655   7805.599  420304.826  428110.425 
    phase2_sub..se2_add_30_29     24    655.660   55220.657   55876.317 
  adder_13                       655   7805.599  610366.480  618172.080 
    phase2_sub..se2_add_30_29     24    655.660   82530.313   83185.972 
  adder_14                       655   7805.599  656713.876  664519.475 
    phase2_sub..se2_add_30_29     24    655.660   84897.722   85553.382 
  adder_15                       655   7805.599  948669.779  956475.378 
    phase2_sub..se2_add_30_29     24    655.660  120413.828  121069.488 
  adder_16                       651   7747.040  741396.822  749143.861 
    phase2_sub..se2_add_30_29     24    655.660   99096.739   99752.398 

