============================================================
  Generated by:           Genus(TM) Synthesis Solution 18.10-p003_1
  Generated on:           Apr 02 2024  07:27:03 pm
  Module:                 floating_point_adder_tree
  Technology library:     gscl45nm 
  Operating conditions:   typical (balanced_tree)
  Wireload mode:          enclosed
  Area mode:              timing library
============================================================

      Pin             Type       Fanout Load Slew Delay Arrival   
                                        (fF) (ps)  (ps)   (ps)    
------------------------------------------------------------------
in02[11]           in port            5 12.1    0    +0       0 R 
adder_01/operand2[11] 
  g8844/A                                            +0       0   
  g8844/Y          INVX1              3  7.5   28   +24      24 F 
  g8837/A                                            +0      24   
  g8837/Y          OR2X1              2  3.7   18   +44      68 F 
  g8811/A                                            +0      68   
  g8811/Y          NAND2X1            1  1.5   30   +26      95 R 
  drc_bufs8920/A                                     +0      95   
  drc_bufs8920/Y   BUFX2              1  2.3    9   +34     129 R 
  g8802/A                                            +0     129   
  g8802/Y          AND2X1             2  7.8   57   +48     177 R 
  g8783/B                                            +0     177   
  g8783/Y          OAI21X1            2  7.7   21   +35     212 F 
  g8763/B                                            +0     212   
  g8763/Y          AOI21X1            1  1.5   24   +30     243 R 
  drc_bufs8958/A                                     +0     243   
  drc_bufs8958/Y   BUFX2              3  5.6   16   +39     282 R 
  g8753/B                                            +0     282   
  g8753/Y          NAND2X1            1  1.5   20   +15     297 F 
  drc_bufs8902/A                                     +0     297   
  drc_bufs8902/Y   BUFX2              1  1.8    3   +34     332 F 
  g8749/B                                            +0     332   
  g8749/Y          AND2X1             3  8.7   36   +56     388 F 
  g8743/C                                            +0     388   
  g8743/Y          NOR3X1             5 12.3   98   +63     450 R 
  g8733/A                                            +0     450   
  g8733/Y          AND2X1             3  6.2   44   +42     492 R 
  g8719/A                                            +0     492   
  g8719/Y          AND2X1             4 11.5   62   +59     552 R 
  g8703/D                                            +0     552   
  g8703/Y          AOI22X1            1  1.5   34   +28     579 F 
  drc_bufs8924/A                                     +0     579   
  drc_bufs8924/Y   BUFX2              1  1.9    6   +37     616 F 
  g8682/A                                            +0     616   
  g8682/Y          NAND2X1            1  1.5   32   +23     639 R 
  drc_bufs8898/A                                     +0     639   
  drc_bufs8898/Y   BUFX2              1  2.4    9   +35     674 R 
  g8608/B                                            +0     674   
  g8608/Y          OR2X1              3  7.1   43   +64     738 R 
  g8605/A                                            +0     738   
  g8605/Y          INVX1              2  5.3   19   +31     769 F 
  g8597/A                                            +0     769   
  g8597/Y          AOI22X1            1  1.5   43   +47     816 R 
  drc_bufs8951/A                                     +0     816   
  drc_bufs8951/Y   BUFX2              1  2.0   10   +35     851 R 
  g8586/C                                            +0     851   
  g8586/Y          OAI21X1            1  1.9    5   +13     864 F 
  g8584/B                                            +0     864   
  g8584/Y          NAND2X1            1  1.5   32    +8     873 R 
  drc_bufs8884/A                                     +0     873   
  drc_bufs8884/Y   BUFX2              1  3.0   11   +36     908 R 
  g8583/C                                            +0     908   
  g8583/Y          NAND3X1            1  1.5   15    +9     917 F 
  drc_bufs8954/A                                     +0     917   
  drc_bufs8954/Y   BUFX2              1  1.5    2   +33     950 F 
  g8582/A                                            +0     950   
  g8582/Y          INVX1              1  2.8    0    -0     950 R 
  g8581/A                                            +0     950   
  g8581/Y          AOI22X1            1  1.5   34   +30     980 F 
  drc_bufs8889/A                                     +0     980   
  drc_bufs8889/Y   BUFX2              1  2.7    7   +38    1018 F 
  g8580/A                                            +0    1018   
  g8580/Y          AOI22X1            1  1.5   44   +44    1062 R 
  drc_bufs8953/A                                     +0    1062   
  drc_bufs8953/Y   BUFX2              1  1.6    9   +35    1097 R 
  g8579/A                                            +0    1097   
  g8579/Y          INVX1              1  1.9   11   +15    1112 F 
  g8578/C                                            +0    1112   
  g8578/Y          OAI21X1            2  5.4   54   +29    1140 R 
  g8577/A                                            +0    1140   
  g8577/Y          OR2X1              1  2.8   22   +41    1181 R 
  g8576/A                                            +0    1181   
  g8576/Y          AOI22X1            1  1.5   34   +34    1215 F 
  drc_bufs8886/A                                     +0    1215   
  drc_bufs8886/Y   BUFX2              1  2.6    7   +38    1253 F 
  g8575/B                                            +0    1253   
  g8575/Y          OAI21X1            2  3.9   49   +44    1297 R 
  g8574/A                                            +0    1297   
  g8574/Y          OR2X2             22 87.7  211  +172    1470 R 
  g8560/S                                            +0    1470   
  g8560/Y          MUX2X1             1  1.6   39   +65    1535 R 
  g8550/A                                            +0    1535   
  g8550/Y          INVX1              1  3.9   15   +27    1562 F 
  phase2_sub_20_30_Y_phase2_sub_16_30_Y_phase2_add_30_29/B[0] 
    g355/S                                           +0    1562   
    g355/Y         MUX2X1             1  7.1   33   +42    1604 F 
    g354/C                                           +0    1604   
    g354/YC        FAX1               1  7.1   29   +82    1686 F 
    g353/C                                           +0    1686   
    g353/YC        FAX1               1  7.1   29   +82    1767 F 
    g352/C                                           +0    1767   
    g352/YC        FAX1               1  7.1   29   +82    1849 F 
    g351/C                                           +0    1849   
    g351/YC        FAX1               1  7.1   29   +82    1930 F 
    g350/C                                           +0    1930   
    g350/YC        FAX1               1  7.1   29   +82    2012 F 
    g349/C                                           +0    2012   
    g349/YC        FAX1               1  7.1   29   +82    2094 F 
    g348/C                                           +0    2094   
    g348/YC        FAX1               1  7.1   29   +82    2175 F 
    g347/C                                           +0    2175   
    g347/YC        FAX1               1  7.1   29   +82    2257 F 
    g346/C                                           +0    2257   
    g346/YC        FAX1               1  7.1   29   +82    2338 F 
    g345/C                                           +0    2338   
    g345/YC        FAX1               1  7.1   29   +82    2420 F 
    g344/C                                           +0    2420   
    g344/YC        FAX1               1  3.9   20   +75    2495 F 
    g343/S                                           +0    2495   
    g343/Y         MUX2X1             1  2.3   41   +42    2537 R 
  phase2_sub_20_30_Y_phase2_sub_16_30_Y_phase2_add_30_29/Z[11] 
  g5355/A                                            +0    2537   
  g5355/Y          AND2X1             7 16.8   96   +76    2613 R 
  g5348/A                                            +0    2613   
  g5348/Y          INVX1              5 11.2   33   +57    2670 F 
  g5255/C                                            +0    2670   
  g5255/Y          OAI21X1            9 33.2  187  +123    2794 R 
  g5254/A                                            +0    2794   
  g5254/Y          INVX1              5 12.5   31   +84    2878 F 
  g5250/A                                            +0    2878   
  g5250/Y          OR2X1              1  7.1   26   +52    2929 F 
  g5218/C                                            +0    2929   
  g5218/YC         FAX1               2  6.5   27   +80    3009 F 
  g5215/A                                            +0    3009   
  g5215/Y          INVX1              1  2.5    0    +8    3017 R 
  g5210/A                                            +0    3017   
  g5210/Y          OR2X1              1  2.3   23   +39    3056 R 
  g5209/A                                            +0    3056   
  g5209/Y          AND2X1             1  8.2   60   +49    3105 R 
  g5188/C                                            +0    3105   
  g5188/YC         FAX1               1  5.0   32   +65    3170 R 
  g5185/A                                            +0    3170   
  g5185/Y          XNOR2X1            1  2.5   40   +38    3208 R 
  g5184/A                                            +0    3208   
  g5184/Y          OR2X1              5 12.5   68   +71    3279 R 
adder_01/sum[14] 
adder_09/operand1[14] 
  g8826/C                                            +0    3279   
  g8826/Y          NOR3X1             1  1.5   27   +33    3312 F 
  g8824/A                                            +0    3312   
  g8824/Y          INVX1              1  2.5    0    +8    3320 R 
  g8823/A                                            +0    3320   
  g8823/Y          OR2X1              1  2.5   24   +39    3359 R 
  g8810/A                                            +0    3359   
  g8810/Y          OR2X1              1  2.5   23   +40    3399 R 
  g8803/A                                            +0    3399   
  g8803/Y          OR2X1              1  2.5   23   +40    3438 R 
  g8799/A                                            +0    3438   
  g8799/Y          OR2X1              1  3.3   26   +42    3480 R 
  g8778/C                                            +0    3480   
  g8778/Y          NOR3X1             1  2.8   31   +25    3505 F 
  g8760/C                                            +0    3505   
  g8760/Y          NAND3X1            1  1.5   33   +33    3538 R 
  drc_bufs8881/A                                     +0    3538   
  drc_bufs8881/Y   BUFX2              1  3.3   12   +36    3574 R 
  g8738/C                                            +0    3574   
  g8738/Y          NOR3X1             1  2.8   33   +21    3595 F 
  g8724/C                                            +0    3595   
  g8724/Y          NAND3X1            1  1.5   34   +33    3629 R 
  drc_bufs8898/A                                     +0    3629   
  drc_bufs8898/Y   BUFX2              1  2.5   10   +35    3664 R 
  g8714/A                                            +0    3664   
  g8714/Y          OR2X1              5 12.4   70   +70    3734 R 
  g8710/A                                            +0    3734   
  g8710/Y          INVX1              2  7.6   24   +43    3777 F 
  g8694/B                                            +0    3777   
  g8694/Y          OAI21X1            4  8.6   70   +63    3840 R 
  g8686/A                                            +0    3840   
  g8686/Y          INVX1              1  2.3    8   +32    3872 F 
  g8666/A                                            +0    3872   
  g8666/Y          OR2X1              2  3.4   14   +42    3914 F 
  g8639/C                                            +0    3914   
  g8639/Y          OAI21X1            1  2.8   45   +22    3936 R 
  g8610/A                                            +0    3936   
  g8610/Y          AOI22X1            1  1.5   33   +38    3975 F 
  drc_bufs8942/A                                     +0    3975   
  drc_bufs8942/Y   BUFX2              1  1.9    6   +37    4012 F 
  g8602/C                                            +0    4012   
  g8602/Y          OAI21X1            1  2.5   44   +18    4030 R 
  g8595/A                                            +0    4030   
  g8595/Y          OR2X1              4  9.9   56   +63    4093 R 
  g8592/A                                            +0    4093   
  g8592/Y          INVX1              1  2.8   10   +29    4122 F 
  g8588/D                                            +0    4122   
  g8588/Y          AOI22X1            1  1.5   44   +25    4147 R 
  drc_bufs8929/A                                     +0    4147   
  drc_bufs8929/Y   BUFX2              1  2.1   10   +35    4182 R 
  g8584/A                                            +0    4182   
  g8584/Y          NAND2X1            1  1.5   18   +11    4193 F 
  drc_bufs8886/A                                     +0    4193   
  drc_bufs8886/Y   BUFX2              1  2.8    4   +35    4228 F 
  g8583/C                                            +0    4228   
  g8583/Y          NAND3X1            1  1.5   34   +26    4254 R 
  drc_bufs8954/A                                     +0    4254   
  drc_bufs8954/Y   BUFX2              1  1.6    8   +34    4288 R 
  g8582/A                                            +0    4288   
  g8582/Y          INVX1              1  2.7   13   +16    4304 F 
  g8581/A                                            +0    4304   
  g8581/Y          AOI22X1            1  1.5   43   +46    4350 R 
  drc_bufs8890/A                                     +0    4350   
  drc_bufs8890/Y   BUFX2              1  2.8   12   +36    4386 R 
  g8580/A                                            +0    4386   
  g8580/Y          AOI22X1            1  1.5   34   +32    4418 F 
  drc_bufs8955/A                                     +0    4418   
  drc_bufs8955/Y   BUFX2              1  1.5    6   +37    4455 F 
  g8579/A                                            +0    4455   
  g8579/Y          INVX1              1  2.0    0    -1    4454 R 
  g8578/C                                            +0    4454   
  g8578/Y          OAI21X1            2  5.1   16   +15    4469 F 
  g8577/A                                            +0    4469   
  g8577/Y          OR2X1              1  2.7   14   +41    4510 F 
  g8576/A                                            +0    4510   
  g8576/Y          AOI22X1            1  1.5   43   +46    4556 R 
  drc_bufs8888/A                                     +0    4556   
  drc_bufs8888/Y   BUFX2              1  2.8   12   +36    4593 R 
  g8575/B                                            +0    4593   
  g8575/Y          OAI21X1            2  3.8   11   +19    4611 F 
  g8574/A                                            +0    4611   
  g8574/Y          OR2X2             22 83.4  119  +123    4734 F 
  g8560/S                                            +0    4734   
  g8560/Y          MUX2X1             1  1.6   39   +53    4787 R 
  g8550/A                                            +0    4787   
  g8550/Y          INVX1              1  3.9   15   +27    4814 F 
  phase2_sub_20_30_Y_phase2_sub_16_30_Y_phase2_add_30_29/B[0] 
    g355/S                                           +0    4814   
    g355/Y         MUX2X1             1  7.1   33   +42    4856 F 
    g354/C                                           +0    4856   
    g354/YC        FAX1               1  7.1   29   +82    4938 F 
    g353/C                                           +0    4938   
    g353/YC        FAX1               1  7.1   29   +82    5020 F 
    g352/C                                           +0    5020   
    g352/YC        FAX1               1  7.1   29   +82    5101 F 
    g351/C                                           +0    5101   
    g351/YC        FAX1               1  7.1   29   +82    5183 F 
    g350/C                                           +0    5183   
    g350/YC        FAX1               1  7.1   29   +82    5264 F 
    g349/C                                           +0    5264   
    g349/YC        FAX1               1  7.1   29   +82    5346 F 
    g348/C                                           +0    5346   
    g348/YC        FAX1               1  7.1   29   +82    5428 F 
    g347/C                                           +0    5428   
    g347/YC        FAX1               1  7.1   29   +82    5509 F 
    g346/C                                           +0    5509   
    g346/YC        FAX1               1  7.1   29   +82    5591 F 
    g345/C                                           +0    5591   
    g345/YC        FAX1               1  7.1   29   +82    5672 F 
    g344/C                                           +0    5672   
    g344/YC        FAX1               1  3.9   20   +75    5748 F 
    g343/S                                           +0    5748   
    g343/Y         MUX2X1             1  2.3   41   +42    5790 R 
  phase2_sub_20_30_Y_phase2_sub_16_30_Y_phase2_add_30_29/Z[11] 
  g5355/A                                            +0    5790   
  g5355/Y          AND2X1             7 16.8   96   +76    5866 R 
  g5348/A                                            +0    5866   
  g5348/Y          INVX1              5 11.2   33   +57    5923 F 
  g5255/C                                            +0    5923   
  g5255/Y          OAI21X1            9 33.2  187  +123    6046 R 
  g5254/A                                            +0    6046   
  g5254/Y          INVX1              5 12.5   31   +84    6130 F 
  g5250/A                                            +0    6130   
  g5250/Y          OR2X1              1  7.1   26   +52    6182 F 
  g5218/C                                            +0    6182   
  g5218/YC         FAX1               2  6.5   27   +80    6262 F 
  g5215/A                                            +0    6262   
  g5215/Y          INVX1              1  2.5    0    +8    6270 R 
  g5210/A                                            +0    6270   
  g5210/Y          OR2X1              1  2.3   23   +39    6308 R 
  g5209/A                                            +0    6308   
  g5209/Y          AND2X1             1  8.2   60   +49    6358 R 
  g5188/C                                            +0    6358   
  g5188/YC         FAX1               1  5.0   32   +65    6422 R 
  g5185/A                                            +0    6422   
  g5185/Y          XNOR2X1            1  2.5   40   +38    6460 R 
  g5184/A                                            +0    6460   
  g5184/Y          OR2X1              5 12.5   68   +71    6531 R 
adder_09/sum[14] 
adder_13/operand1[14] 
  g8826/C                                            +0    6531   
  g8826/Y          NOR3X1             1  1.5   27   +33    6565 F 
  g8824/A                                            +0    6565   
  g8824/Y          INVX1              1  2.5    0    +8    6572 R 
  g8823/A                                            +0    6572   
  g8823/Y          OR2X1              1  2.5   24   +39    6612 R 
  g8810/A                                            +0    6612   
  g8810/Y          OR2X1              1  2.5   23   +40    6651 R 
  g8803/A                                            +0    6651   
  g8803/Y          OR2X1              1  2.5   23   +40    6691 R 
  g8799/A                                            +0    6691   
  g8799/Y          OR2X1              1  3.3   26   +42    6733 R 
  g8778/C                                            +0    6733   
  g8778/Y          NOR3X1             1  2.8   31   +25    6758 F 
  g8760/C                                            +0    6758   
  g8760/Y          NAND3X1            1  1.5   33   +33    6791 R 
  drc_bufs8881/A                                     +0    6791   
  drc_bufs8881/Y   BUFX2              1  3.3   12   +36    6827 R 
  g8738/C                                            +0    6827   
  g8738/Y          NOR3X1             1  2.8   33   +21    6848 F 
  g8724/C                                            +0    6848   
  g8724/Y          NAND3X1            1  1.5   34   +33    6881 R 
  drc_bufs8898/A                                     +0    6881   
  drc_bufs8898/Y   BUFX2              1  2.5   10   +35    6916 R 
  g8714/A                                            +0    6916   
  g8714/Y          OR2X1              5 12.4   70   +70    6986 R 
  g8710/A                                            +0    6986   
  g8710/Y          INVX1              2  7.6   24   +43    7029 F 
  g8694/B                                            +0    7029   
  g8694/Y          OAI21X1            4  8.6   70   +63    7093 R 
  g8686/A                                            +0    7093   
  g8686/Y          INVX1              1  2.3    8   +32    7125 F 
  g8666/A                                            +0    7125   
  g8666/Y          OR2X1              2  3.4   14   +42    7167 F 
  g8639/C                                            +0    7167   
  g8639/Y          OAI21X1            1  2.8   45   +22    7189 R 
  g8610/A                                            +0    7189   
  g8610/Y          AOI22X1            1  1.5   33   +38    7227 F 
  drc_bufs8942/A                                     +0    7227   
  drc_bufs8942/Y   BUFX2              1  1.9    6   +37    7264 F 
  g8602/C                                            +0    7264   
  g8602/Y          OAI21X1            1  2.5   44   +18    7282 R 
  g8595/A                                            +0    7282   
  g8595/Y          OR2X1              4  9.9   56   +63    7345 R 
  g8592/A                                            +0    7345   
  g8592/Y          INVX1              1  2.8   10   +29    7374 F 
  g8588/D                                            +0    7374   
  g8588/Y          AOI22X1            1  1.5   44   +25    7399 R 
  drc_bufs8929/A                                     +0    7399   
  drc_bufs8929/Y   BUFX2              1  2.1   10   +35    7435 R 
  g8584/A                                            +0    7435   
  g8584/Y          NAND2X1            1  1.5   18   +11    7446 F 
  drc_bufs8886/A                                     +0    7446   
  drc_bufs8886/Y   BUFX2              1  2.8    4   +35    7481 F 
  g8583/C                                            +0    7481   
  g8583/Y          NAND3X1            1  1.5   34   +26    7507 R 
  drc_bufs8954/A                                     +0    7507   
  drc_bufs8954/Y   BUFX2              1  1.6    8   +34    7541 R 
  g8582/A                                            +0    7541   
  g8582/Y          INVX1              1  2.7   13   +16    7557 F 
  g8581/A                                            +0    7557   
  g8581/Y          AOI22X1            1  1.5   43   +46    7603 R 
  drc_bufs8890/A                                     +0    7603   
  drc_bufs8890/Y   BUFX2              1  2.8   12   +36    7639 R 
  g8580/A                                            +0    7639   
  g8580/Y          AOI22X1            1  1.5   34   +32    7671 F 
  drc_bufs8955/A                                     +0    7671   
  drc_bufs8955/Y   BUFX2              1  1.5    6   +37    7708 F 
  g8579/A                                            +0    7708   
  g8579/Y          INVX1              1  2.0    0    -1    7706 R 
  g8578/C                                            +0    7706   
  g8578/Y          OAI21X1            2  5.1   16   +15    7722 F 
  g8577/A                                            +0    7722   
  g8577/Y          OR2X1              1  2.7   14   +41    7763 F 
  g8576/A                                            +0    7763   
  g8576/Y          AOI22X1            1  1.5   43   +46    7809 R 
  drc_bufs8888/A                                     +0    7809   
  drc_bufs8888/Y   BUFX2              1  2.8   12   +36    7845 R 
  g8575/B                                            +0    7845   
  g8575/Y          OAI21X1            2  3.8   11   +19    7864 F 
  g8574/A                                            +0    7864   
  g8574/Y          OR2X2             22 83.4  119  +123    7987 F 
  g8560/S                                            +0    7987   
  g8560/Y          MUX2X1             1  1.6   39   +53    8040 R 
  g8550/A                                            +0    8040   
  g8550/Y          INVX1              1  3.9   15   +27    8067 F 
  phase2_sub_20_30_Y_phase2_sub_16_30_Y_phase2_add_30_29/B[0] 
    g355/S                                           +0    8067   
    g355/Y         MUX2X1             1  7.1   33   +42    8108 F 
    g354/C                                           +0    8108   
    g354/YC        FAX1               1  7.1   29   +82    8191 F 
    g353/C                                           +0    8191   
    g353/YC        FAX1               1  7.1   29   +82    8272 F 
    g352/C                                           +0    8272   
    g352/YC        FAX1               1  7.1   29   +82    8354 F 
    g351/C                                           +0    8354   
    g351/YC        FAX1               1  7.1   29   +82    8435 F 
    g350/C                                           +0    8435   
    g350/YC        FAX1               1  7.1   29   +82    8517 F 
    g349/C                                           +0    8517   
    g349/YC        FAX1               1  7.1   29   +82    8599 F 
    g348/C                                           +0    8599   
    g348/YC        FAX1               1  7.1   29   +82    8680 F 
    g347/C                                           +0    8680   
    g347/YC        FAX1               1  7.1   29   +82    8762 F 
    g346/C                                           +0    8762   
    g346/YC        FAX1               1  7.1   29   +82    8843 F 
    g345/C                                           +0    8843   
    g345/YC        FAX1               1  7.1   29   +82    8925 F 
    g344/C                                           +0    8925   
    g344/YC        FAX1               1  3.9   20   +75    9000 F 
    g343/S                                           +0    9000   
    g343/Y         MUX2X1             1  2.3   41   +42    9042 R 
  phase2_sub_20_30_Y_phase2_sub_16_30_Y_phase2_add_30_29/Z[11] 
  g5355/A                                            +0    9042   
  g5355/Y          AND2X1             7 16.8   96   +76    9118 R 
  g5348/A                                            +0    9118   
  g5348/Y          INVX1              5 11.2   33   +57    9176 F 
  g5255/C                                            +0    9176   
  g5255/Y          OAI21X1            9 33.2  187  +123    9298 R 
  g5254/A                                            +0    9298   
  g5254/Y          INVX1              5 12.5   31   +84    9383 F 
  g5250/A                                            +0    9383   
  g5250/Y          OR2X1              1  7.1   26   +52    9434 F 
  g5218/C                                            +0    9434   
  g5218/YC         FAX1               2  6.5   27   +80    9514 F 
  g5215/A                                            +0    9514   
  g5215/Y          INVX1              1  2.5    0    +8    9522 R 
  g5210/A                                            +0    9522   
  g5210/Y          OR2X1              1  2.3   23   +39    9561 R 
  g5209/A                                            +0    9561   
  g5209/Y          AND2X1             1  8.2   60   +49    9610 R 
  g5188/C                                            +0    9610   
  g5188/YC         FAX1               1  5.0   32   +65    9675 R 
  g5185/A                                            +0    9675   
  g5185/Y          XNOR2X1            1  2.5   40   +38    9713 R 
  g5184/A                                            +0    9713   
  g5184/Y          OR2X1              5 12.5   68   +71    9784 R 
adder_13/sum[14] 
adder_15/operand1[14] 
  g8826/C                                            +0    9784   
  g8826/Y          NOR3X1             1  1.5   27   +33    9817 F 
  g8824/A                                            +0    9817   
  g8824/Y          INVX1              1  2.5    0    +8    9825 R 
  g8823/A                                            +0    9825   
  g8823/Y          OR2X1              1  2.5   24   +39    9864 R 
  g8810/A                                            +0    9864   
  g8810/Y          OR2X1              1  2.5   23   +40    9904 R 
  g8803/A                                            +0    9904   
  g8803/Y          OR2X1              1  2.5   23   +40    9943 R 
  g8799/A                                            +0    9943   
  g8799/Y          OR2X1              1  3.3   26   +42    9985 R 
  g8778/C                                            +0    9985   
  g8778/Y          NOR3X1             1  2.8   31   +25   10010 F 
  g8760/C                                            +0   10010   
  g8760/Y          NAND3X1            1  1.5   33   +33   10043 R 
  drc_bufs8881/A                                     +0   10043   
  drc_bufs8881/Y   BUFX2              1  3.3   12   +36   10079 R 
  g8738/C                                            +0   10079   
  g8738/Y          NOR3X1             1  2.8   33   +21   10100 F 
  g8724/C                                            +0   10100   
  g8724/Y          NAND3X1            1  1.5   34   +33   10134 R 
  drc_bufs8898/A                                     +0   10134   
  drc_bufs8898/Y   BUFX2              1  2.5   10   +35   10169 R 
  g8714/A                                            +0   10169   
  g8714/Y          OR2X1              5 12.4   70   +70   10239 R 
  g8710/A                                            +0   10239   
  g8710/Y          INVX1              2  7.6   24   +43   10282 F 
  g8694/B                                            +0   10282   
  g8694/Y          OAI21X1            4  8.6   70   +63   10345 R 
  g8686/A                                            +0   10345   
  g8686/Y          INVX1              1  2.3    8   +32   10377 F 
  g8666/A                                            +0   10377   
  g8666/Y          OR2X1              2  3.4   14   +42   10419 F 
  g8639/C                                            +0   10419   
  g8639/Y          OAI21X1            1  2.8   45   +22   10441 R 
  g8610/A                                            +0   10441   
  g8610/Y          AOI22X1            1  1.5   33   +38   10480 F 
  drc_bufs8942/A                                     +0   10480   
  drc_bufs8942/Y   BUFX2              1  1.9    6   +37   10517 F 
  g8602/C                                            +0   10517   
  g8602/Y          OAI21X1            1  2.5   44   +18   10535 R 
  g8595/A                                            +0   10535   
  g8595/Y          OR2X1              4  9.9   56   +63   10598 R 
  g8592/A                                            +0   10598   
  g8592/Y          INVX1              1  2.8   10   +29   10627 F 
  g8588/D                                            +0   10627   
  g8588/Y          AOI22X1            1  1.5   44   +25   10652 R 
  drc_bufs8929/A                                     +0   10652   
  drc_bufs8929/Y   BUFX2              1  2.1   10   +35   10687 R 
  g8584/A                                            +0   10687   
  g8584/Y          NAND2X1            1  1.5   18   +11   10698 F 
  drc_bufs8886/A                                     +0   10698   
  drc_bufs8886/Y   BUFX2              1  2.8    4   +35   10733 F 
  g8583/C                                            +0   10733   
  g8583/Y          NAND3X1            1  1.5   34   +26   10760 R 
  drc_bufs8954/A                                     +0   10760   
  drc_bufs8954/Y   BUFX2              1  1.6    8   +34   10793 R 
  g8582/A                                            +0   10793   
  g8582/Y          INVX1              1  2.7   13   +16   10809 F 
  g8581/A                                            +0   10809   
  g8581/Y          AOI22X1            1  1.5   43   +46   10855 R 
  drc_bufs8890/A                                     +0   10855   
  drc_bufs8890/Y   BUFX2              1  2.8   12   +36   10892 R 
  g8580/A                                            +0   10892   
  g8580/Y          AOI22X1            1  1.5   34   +32   10923 F 
  drc_bufs8955/A                                     +0   10923   
  drc_bufs8955/Y   BUFX2              1  1.5    6   +37   10960 F 
  g8579/A                                            +0   10960   
  g8579/Y          INVX1              1  2.0    0    -1   10959 R 
  g8578/C                                            +0   10959   
  g8578/Y          OAI21X1            2  5.1   16   +15   10974 F 
  g8577/A                                            +0   10974   
  g8577/Y          OR2X1              1  2.7   14   +41   11015 F 
  g8576/A                                            +0   11015   
  g8576/Y          AOI22X1            1  1.5   43   +46   11061 R 
  drc_bufs8888/A                                     +0   11061   
  drc_bufs8888/Y   BUFX2              1  2.8   12   +36   11098 R 
  g8575/B                                            +0   11098   
  g8575/Y          OAI21X1            2  3.8   11   +19   11116 F 
  g8574/A                                            +0   11116   
  g8574/Y          OR2X2             22 83.4  119  +123   11239 F 
  g8560/S                                            +0   11239   
  g8560/Y          MUX2X1             1  1.6   39   +53   11292 R 
  g8550/A                                            +0   11292   
  g8550/Y          INVX1              1  3.9   15   +27   11319 F 
  phase2_sub_20_30_Y_phase2_sub_16_30_Y_phase2_add_30_29/B[0] 
    g355/S                                           +0   11319   
    g355/Y         MUX2X1             1  7.1   33   +42   11361 F 
    g354/C                                           +0   11361   
    g354/YC        FAX1               1  7.1   29   +82   11443 F 
    g353/C                                           +0   11443   
    g353/YC        FAX1               1  7.1   29   +82   11525 F 
    g352/C                                           +0   11525   
    g352/YC        FAX1               1  7.1   29   +82   11606 F 
    g351/C                                           +0   11606   
    g351/YC        FAX1               1  7.1   29   +82   11688 F 
    g350/C                                           +0   11688   
    g350/YC        FAX1               1  7.1   29   +82   11770 F 
    g349/C                                           +0   11770   
    g349/YC        FAX1               1  7.1   29   +82   11851 F 
    g348/C                                           +0   11851   
    g348/YC        FAX1               1  7.1   29   +82   11933 F 
    g347/C                                           +0   11933   
    g347/YC        FAX1               1  7.1   29   +82   12014 F 
    g346/C                                           +0   12014   
    g346/YC        FAX1               1  7.1   29   +82   12096 F 
    g345/C                                           +0   12096   
    g345/YC        FAX1               1  7.1   29   +82   12178 F 
    g344/C                                           +0   12178   
    g344/YC        FAX1               1  3.9   20   +75   12253 F 
    g343/S                                           +0   12253   
    g343/Y         MUX2X1             1  2.3   41   +42   12295 R 
  phase2_sub_20_30_Y_phase2_sub_16_30_Y_phase2_add_30_29/Z[11] 
  g5355/A                                            +0   12295   
  g5355/Y          AND2X1             7 16.8   96   +76   12371 R 
  g5348/A                                            +0   12371   
  g5348/Y          INVX1              5 11.2   33   +57   12428 F 
  g5255/C                                            +0   12428   
  g5255/Y          OAI21X1            9 33.2  187  +123   12551 R 
  g5254/A                                            +0   12551   
  g5254/Y          INVX1              5 12.5   31   +84   12635 F 
  g5250/A                                            +0   12635   
  g5250/Y          OR2X1              1  7.1   26   +52   12687 F 
  g5218/C                                            +0   12687   
  g5218/YC         FAX1               2  6.5   27   +80   12767 F 
  g5215/A                                            +0   12767   
  g5215/Y          INVX1              1  2.5    0    +8   12775 R 
  g5210/A                                            +0   12775   
  g5210/Y          OR2X1              1  2.3   23   +39   12814 R 
  g5209/A                                            +0   12814   
  g5209/Y          AND2X1             1  8.2   60   +49   12862 R 
  g5188/C                                            +0   12862   
  g5188/YC         FAX1               1  5.0   32   +65   12927 R 
  g5185/A                                            +0   12927   
  g5185/Y          XNOR2X1            1  2.5   40   +38   12966 R 
  g5184/A                                            +0   12966   
  g5184/Y          OR2X1              5 12.5   68   +71   13036 R 
adder_15/sum[14] 
adder_16/operand1[14] 
  g8824/C                                            +0   13036   
  g8824/Y          NOR3X1             1  1.5   26   +33   13070 F 
  g8822/A                                            +0   13070   
  g8822/Y          INVX1              1  2.5    0    +8   13077 R 
  g8821/A                                            +0   13077   
  g8821/Y          OR2X1              1  2.5   24   +39   13116 R 
  g8808/A                                            +0   13116   
  g8808/Y          OR2X1              1  2.5   23   +40   13156 R 
  g8801/A                                            +0   13156   
  g8801/Y          OR2X1              1  2.5   23   +40   13196 R 
  g8797/A                                            +0   13196   
  g8797/Y          OR2X1              1  3.3   26   +42   13238 R 
  g8777/C                                            +0   13238   
  g8777/Y          NOR3X1             1  2.8   31   +25   13263 F 
  g8759/C                                            +0   13263   
  g8759/Y          NAND3X1            1  1.5   33   +33   13296 R 
  drc_bufs8879/A                                     +0   13296   
  drc_bufs8879/Y   BUFX2              1  3.3   12   +36   13332 R 
  g8738/C                                            +0   13332   
  g8738/Y          NOR3X1             1  2.8   33   +21   13353 F 
  g8724/C                                            +0   13353   
  g8724/Y          NAND3X1            1  1.5   34   +33   13386 R 
  drc_bufs8897/A                                     +0   13386   
  drc_bufs8897/Y   BUFX2              1  2.5   10   +35   13421 R 
  g8714/A                                            +0   13421   
  g8714/Y          OR2X1              5 12.4   70   +70   13491 R 
  g8710/A                                            +0   13491   
  g8710/Y          INVX1              2  7.2   23   +42   13534 F 
  g8694/B                                            +0   13534   
  g8694/Y          OAI21X1            4  8.6   69   +63   13596 R 
  g8686/A                                            +0   13596   
  g8686/Y          INVX1              1  2.3    8   +32   13628 F 
  g8666/A                                            +0   13628   
  g8666/Y          OR2X1              2  3.4   14   +42   13670 F 
  g8639/C                                            +0   13670   
  g8639/Y          OAI21X1            1  2.8   45   +22   13692 R 
  g8610/A                                            +0   13692   
  g8610/Y          AOI22X1            1  1.5   33   +38   13731 F 
  drc_bufs8952/A                                     +0   13731   
  drc_bufs8952/Y   BUFX2              1  1.9    6   +37   13768 F 
  g8602/C                                            +0   13768   
  g8602/Y          OAI21X1            1  2.5   44   +18   13786 R 
  g8595/A                                            +0   13786   
  g8595/Y          OR2X1              4  9.9   56   +63   13849 R 
  g8592/A                                            +0   13849   
  g8592/Y          INVX1              1  2.8   10   +29   13878 F 
  g8588/D                                            +0   13878   
  g8588/Y          AOI22X1            1  1.5   44   +25   13903 R 
  drc_bufs8928/A                                     +0   13903   
  drc_bufs8928/Y   BUFX2              1  2.1   10   +35   13938 R 
  g8584/A                                            +0   13938   
  g8584/Y          NAND2X1            1  1.5   18   +11   13950 F 
  drc_bufs8883/A                                     +0   13950   
  drc_bufs8883/Y   BUFX2              1  2.8    4   +35   13984 F 
  g8583/C                                            +0   13984   
  g8583/Y          NAND3X1            1  1.5   34   +26   14011 R 
  drc_bufs8954/A                                     +0   14011   
  drc_bufs8954/Y   BUFX2              1  1.6    8   +34   14044 R 
  g8582/A                                            +0   14044   
  g8582/Y          INVX1              1  2.7   13   +16   14060 F 
  g8581/A                                            +0   14060   
  g8581/Y          AOI22X1            1  1.5   43   +46   14106 R 
  drc_bufs8889/A                                     +0   14106   
  drc_bufs8889/Y   BUFX2              1  2.8   12   +36   14143 R 
  g8580/A                                            +0   14143   
  g8580/Y          AOI22X1            1  1.5   34   +32   14174 F 
  drc_bufs8953/A                                     +0   14174   
  drc_bufs8953/Y   BUFX2              1  1.5    6   +37   14211 F 
  g8579/A                                            +0   14211   
  g8579/Y          INVX1              1  2.0    0    -1   14210 R 
  g8578/C                                            +0   14210   
  g8578/Y          OAI21X1            2  5.1   16   +15   14225 F 
  g8577/A                                            +0   14225   
  g8577/Y          OR2X1              1  2.7   14   +41   14266 F 
  g8576/A                                            +0   14266   
  g8576/Y          AOI22X1            1  1.5   43   +46   14312 R 
  drc_bufs8886/A                                     +0   14312   
  drc_bufs8886/Y   BUFX2              1  2.8   12   +36   14349 R 
  g8575/B                                            +0   14349   
  g8575/Y          OAI21X1            2  3.8   11   +19   14367 F 
  g8574/A                                            +0   14367   
  g8574/Y          OR2X2             22 83.4  119  +123   14490 F 
  g8560/S                                            +0   14490   
  g8560/Y          MUX2X1             1  1.6   39   +53   14543 R 
  g8550/A                                            +0   14543   
  g8550/Y          INVX1              1  3.9   15   +27   14570 F 
  phase2_sub_20_30_Y_phase2_sub_16_30_Y_phase2_add_30_29/B[0] 
    g355/S                                           +0   14570   
    g355/Y         MUX2X1             1  7.1   33   +42   14612 F 
    g354/C                                           +0   14612   
    g354/YC        FAX1               1  7.1   29   +82   14694 F 
    g353/C                                           +0   14694   
    g353/YC        FAX1               1  7.1   29   +82   14776 F 
    g352/C                                           +0   14776   
    g352/YC        FAX1               1  7.1   29   +82   14857 F 
    g351/C                                           +0   14857   
    g351/YC        FAX1               1  7.1   29   +82   14939 F 
    g350/C                                           +0   14939   
    g350/YC        FAX1               1  7.1   29   +82   15021 F 
    g349/C                                           +0   15021   
    g349/YC        FAX1               1  7.1   29   +82   15102 F 
    g348/C                                           +0   15102   
    g348/YC        FAX1               1  7.1   29   +82   15184 F 
    g347/C                                           +0   15184   
    g347/YC        FAX1               1  7.1   29   +82   15265 F 
    g346/C                                           +0   15265   
    g346/YC        FAX1               1  7.1   29   +82   15347 F 
    g345/C                                           +0   15347   
    g345/YC        FAX1               1  7.1   29   +82   15429 F 
    g344/C                                           +0   15429   
    g344/YC        FAX1               1  3.9   20   +75   15504 F 
    g343/S                                           +0   15504   
    g343/Y         MUX2X1             1  2.3   41   +42   15546 R 
  phase2_sub_20_30_Y_phase2_sub_16_30_Y_phase2_add_30_29/Z[11] 
  g5346/A                                            +0   15546   
  g5346/Y          AND2X1             7 16.8   92   +76   15622 R 
  g5338/A                                            +0   15622   
  g5338/Y          INVX1              5 11.2   33   +56   15678 F 
  g5251/C                                            +0   15678   
  g5251/Y          OAI21X1            5 16.8  111   +72   15750 R 
  g5250/A                                            +0   15750   
  g5250/Y          INVX1              9 27.5   81   +95   15845 F 
  g5247/A                                            +0   15845   
  g5247/Y          OR2X1              1  7.1   26   +55   15900 F 
  g5214/C                                            +0   15900   
  g5214/YC         FAX1               1  1.5   14   +70   15970 F 
  g5212/A                                            +0   15970   
  g5212/Y          INVX1              1  8.2    7   +22   15991 R 
  g5192/C                                            +0   15991   
  g5192/YC         FAX1               1  8.2   47   +70   16062 R 
  g5187/C                                            +0   16062   
  g5187/YC         FAX1               1  5.0   32   +64   16125 R 
  g5185/A                                            +0   16125   
  g5185/Y          XNOR2X1            1  2.0   37   +37   16162 R 
  g5184/B                                            +0   16162   
  g5184/Y          NAND2X1            1  0.0   15   +18   16179 F 
adder_16/sum[14] 
out_sum[14]        interconnect                15    +0   16179 F 
                   out port                          +0   16179 F 
------------------------------------------------------------------
Timing slack :  UNCONSTRAINED
Start-point  : in02[11]
End-point    : out_sum[14]
