============================================================
  Generated by:           Genus(TM) Synthesis Solution 18.10-p003_1
  Generated on:           Apr 02 2024  07:05:06 pm
  Module:                 encoder_unit
  Technology library:     gscl45nm 
  Operating conditions:   typical (balanced_tree)
  Wireload mode:          enclosed
  Area mode:              timing library
============================================================

                               
  Gate    Instances    Area      Library   
-------------------------------------------
AND2X1          730   1712.945    gscl45nm 
AOI21X1         273    768.713    gscl45nm 
AOI22X1        1975   6488.073    gscl45nm 
DFFPOSX1        337   2688.620    gscl45nm 
HAX1              4     18.772    gscl45nm 
INVX1           429    603.989    gscl45nm 
INVX2             2      3.754    gscl45nm 
MUX2X1           30    112.632    gscl45nm 
NAND2X1         356    668.283    gscl45nm 
NAND3X1         614   1440.751    gscl45nm 
NOR2X1            4      9.386    gscl45nm 
NOR3X1           95    267.501    gscl45nm 
OAI21X1         179    504.028    gscl45nm 
OR2X1           854   2003.911    gscl45nm 
-------------------------------------------
total          5882  17291.359             


                                          
     Type      Instances    Area   Area % 
------------------------------------------
sequential           337  2688.620   15.5 
inverter             431   607.744    3.5 
logic               5114 13994.995   80.9 
physical_cells         0     0.000    0.0 
------------------------------------------
total               5882 17291.359  100.0 

