============================================================
  Generated by:           Genus(TM) Synthesis Solution 18.10-p003_1
  Generated on:           Apr 02 2024  06:40:57 pm
  Module:                 floating_point_16bit_multiplier
  Technology library:     gscl45nm 
  Operating conditions:   typical (balanced_tree)
  Wireload mode:          enclosed
  Area mode:              timing library
============================================================

      Pin             Type       Fanout Load Slew Delay Arrival   
                                        (fF) (ps)  (ps)   (ps)    
------------------------------------------------------------------
operand2[1]        in port           16 55.7    0    +0       0 F 
mul_38_36/B[1] 
  g3697/A                                            +0       0   
  g3697/Y          INVX1             14 47.0  204  +143     143 R 
  g3674/B                                            +0     143   
  g3674/Y          MUX2X1            11 25.1   81  +105     248 F 
  g3645/A                                            +0     248   
  g3645/Y          INVX1              4 11.0   31   +54     302 R 
  g3584/A                                            +0     302   
  g3584/Y          OR2X1              9 21.8  112  +100     402 R 
  g3556/A                                            +0     402   
  g3556/Y          INVX1              4  9.9   28   +59     461 F 
  g3467/A                                            +0     461   
  g3467/Y          AOI22X1            1  1.5   43   +50     511 R 
  drc_bufs3730/A                                     +0     511   
  drc_bufs3730/Y   BUFX2              1  1.6    9   +34     545 R 
  g3462/A                                            +0     545   
  g3462/Y          INVX1              1  3.4   15   +18     563 F 
  g3425/B                                            +0     563   
  g3425/YS         HAX1               2  4.2   20   +59     622 F 
  g3424/A                                            +0     622   
  g3424/Y          INVX1              1  3.8    0   +10     632 R 
  g3401/B                                            +0     632   
  g3401/YC         HAX1               1  2.4   21   +43     675 R 
  g3390/B                                            +0     675   
  g3390/Y          NOR2X1             1  1.5    0   +13     689 F 
  drc_bufs3722/A                                     +0     689   
  drc_bufs3722/Y   BUFX2              1  2.3    0   +31     720 F 
  g3388/C                                            +0     720   
  g3388/Y          AOI21X1            1  1.5   23   +14     733 R 
  drc_bufs3729/A                                     +0     733   
  drc_bufs3729/Y   BUFX2              1  1.6    6   +33     766 R 
  g3383/A                                            +0     766   
  g3383/Y          INVX1              1  7.1   27   +25     791 F 
  g3368/C                                            +0     791   
  g3368/YC         FAX1               1  7.1   29   +81     872 F 
  g3364/C                                            +0     872   
  g3364/YC         FAX1               2  6.5   27   +80     952 F 
  g3363/A                                            +0     952   
  g3363/Y          INVX1              1  2.5    0    +8     960 R 
  g3359/A                                            +0     960   
  g3359/Y          OR2X1              1  2.3   23   +39     999 R 
  g3355/A                                            +0     999   
  g3355/Y          AND2X1             1  8.2   60   +49    1048 R 
  g3352/C                                            +0    1048   
  g3352/YC         FAX1               1  8.2   47   +75    1123 R 
  g3350/C                                            +0    1123   
  g3350/YC         FAX1               1  8.2   47   +73    1196 R 
  g3348/C                                            +0    1196   
  g3348/YC         FAX1               1  8.2   47   +73    1269 R 
  g3346/C                                            +0    1269   
  g3346/YC         FAX1               1  8.2   47   +73    1343 R 
  g3344/C                                            +0    1343   
  g3344/YC         FAX1               1  8.2   47   +73    1416 R 
  g3342/C                                            +0    1416   
  g3342/YC         FAX1               1  1.6   16   +53    1469 R 
  g3341/A                                            +0    1469   
  g3341/Y          INVX1              1  7.1   26   +28    1497 F 
  g3339/C                                            +0    1497   
  g3339/YC         FAX1               1  7.1   29   +81    1578 F 
  g3338/C                                            +0    1578   
  g3338/YC         FAX1               1  7.1   29   +82    1660 F 
  g3337/C                                            +0    1660   
  g3337/YC         FAX1               1  7.1   29   +82    1741 F 
  g3336/C                                            +0    1741   
  g3336/YC         FAX1               1  7.1   29   +82    1823 F 
  g3335/C                                            +0    1823   
  g3335/YC         FAX1               1  7.1   29   +82    1904 F 
  g3334/C                                            +0    1904   
  g3334/YC         FAX1               1  7.1   29   +82    1986 F 
  g3333/C                                            +0    1986   
  g3333/YC         FAX1               1  7.1   29   +82    2068 F 
  g3332/C                                            +0    2068   
  g3332/YC         FAX1               1  4.6   22   +76    2144 F 
  g3331/A                                            +0    2144   
  g3331/Y          XNOR2X1           14 38.3  212  +154    2298 R 
mul_38_36/Z[21] 
norm/man_product[21] 
  g8415/A                                            +0    2298   
  g8415/Y          INVX1              3  6.4   10   +79    2377 F 
  g8382/A                                            +0    2377   
  g8382/Y          AND2X1             2  3.4   21   +34    2412 F 
  g8378/A                                            +0    2412   
  g8378/Y          INVX1              1  2.5    0    +6    2417 R 
  g8371/A                                            +0    2417   
  g8371/Y          OR2X1              3  7.3   47   +54    2471 R 
  g8326/C                                            +0    2471   
  g8326/Y          NOR3X1             2  3.8   34   +32    2504 F 
  g8310/A                                            +0    2504   
  g8310/Y          AND2X1             2  3.8   22   +39    2543 F 
  g8291/A                                            +0    2543   
  g8291/Y          AND2X1             2  3.8   22   +37    2580 F 
  g8280/A                                            +0    2580   
  g8280/Y          AND2X1             2  3.4   21   +36    2616 F 
  g8272/A                                            +0    2616   
  g8272/Y          INVX1              1  2.5    0    +6    2622 R 
  g8265/A                                            +0    2622   
  g8265/Y          OR2X1              2  4.1   32   +44    2666 R 
  g8249/A                                            +0    2666   
  g8249/Y          OR2X1              3  7.4   45   +55    2721 R 
  g8235/A                                            +0    2721   
  g8235/Y          OR2X1              1  2.5   21   +40    2761 R 
  g8228/A                                            +0    2761   
  g8228/Y          OR2X1              3  7.4   46   +55    2816 R 
  g8199/A                                            +0    2816   
  g8199/Y          OR2X1              1  2.5   21   +40    2856 R 
  g8196/A                                            +0    2856   
  g8196/Y          OR2X1              3  8.2   49   +57    2913 R 
  g8158/C                                            +0    2913   
  g8158/Y          NOR3X1             2  3.4   38   +32    2945 F 
  g8147/A                                            +0    2945   
  g8147/Y          INVX1              2  5.8    0   +22    2968 R 
  g8118/A                                            +0    2968   
  g8118/Y          OR2X1              1  2.5   24   +39    3007 R 
  g8117/A                                            +0    3007   
  g8117/Y          OR2X1              3  7.4   46   +55    3062 R 
  g8107/A                                            +0    3062   
  g8107/Y          INVX1              1  1.9    8   +25    3086 F 
  g8089/A                                            +0    3086   
  g8089/Y          AND2X1             6 13.8   45   +56    3142 F 
  g8063/A                                            +0    3142   
  g8063/Y          AOI22X1            1  1.5   42   +54    3197 R 
  drc_bufs8555/A                                     +0    3197   
  drc_bufs8555/Y   BUFX2              1  2.3   10   +36    3232 R 
  g8035/A                                            +0    3232   
  g8035/Y          AND2X1             1  3.0   37   +33    3265 R 
  g8023/C                                            +0    3265   
  g8023/Y          NAND3X1            1  1.5   16   +15    3280 F 
  drc_bufs8513/A                                     +0    3280   
  drc_bufs8513/Y   BUFX2              1  2.3    3   +34    3314 F 
  g8012/A                                            +0    3314   
  g8012/Y          OR2X1              2  4.9   21   +45    3359 F 
norm/man_res[7] 
g1572/A                                              +0    3359   
g1572/Y            NOR3X1             1  1.6   47   +48    3407 R 
g1569/A                                              +0    3407   
g1569/Y            INVX1              1  2.3    9   +26    3433 F 
g1559/A                                              +0    3433   
g1559/Y            OR2X1              1  2.3   13   +40    3473 F 
g1549/A                                              +0    3473   
g1549/Y            OR2X1              1  2.3   13   +40    3513 F 
g1544/A                                              +0    3513   
g1544/Y            OR2X1              1  2.3   13   +40    3553 F 
g1539/A                                              +0    3553   
g1539/Y            OR2X1              1  2.3   13   +40    3594 F 
g1533/A                                              +0    3594   
g1533/Y            OR2X1              1  2.3   13   +40    3634 F 
g1526/A                                              +0    3634   
g1526/Y            OR2X1              1  2.6   13   +41    3675 F 
g1505/B                                              +0    3675   
g1505/Y            OAI21X1            1  1.6   39   +38    3713 R 
g1500/A                                              +0    3713   
g1500/Y            INVX1              1  0.0    3   +19    3732 F 
denormalized       interconnect                 3    +0    3732 F 
                   out port                          +0    3732 F 
------------------------------------------------------------------
Timing slack :  UNCONSTRAINED
Start-point  : operand2[1]
End-point    : denormalized
